<?xml version="1.0" encoding="UTF-8"?>
<testng-results skipped="0" failed="0" ignored="0" total="1" passed="1">
  <reporter-output>
  </reporter-output>
  <suite name="Default suite" duration-ms="12812" started-at="2020-11-04T21:12:42Z" finished-at="2020-11-04T21:12:55Z">
    <groups>
    </groups>
    <test name="Default test" duration-ms="12812" started-at="2020-11-04T21:12:42Z" finished-at="2020-11-04T21:12:55Z">
      <class name="Hotels.CA.HotelBooking.HomePageTest">
        <test-method status="PASS" signature="homepageAutomate()[pri:0, instance:Hotels.CA.HotelBooking.HomePageTest@1bce4f0a]" name="homepageAutomate" duration-ms="12736" started-at="2020-11-04T21:12:42Z" finished-at="2020-11-04T21:12:55Z">
          <reporter-output>
          </reporter-output>
        </test-method> <!-- homepageAutomate -->
      </class> <!-- Hotels.CA.HotelBooking.HomePageTest -->
    </test> <!-- Default test -->
  </suite> <!-- Default suite -->
</testng-results>
